2025-10-23 00:31:52 - iPump - INFO - تم تشغيل تطبيق iPump
2025-10-23 00:34:57 - iPump - INFO - تم تشغيل تطبيق iPump
2025-10-23 00:35:06 - iPump - INFO - تم تشغيل تطبيق iPump
2025-10-23 00:37:52 - iPump - INFO - تم تشغيل تطبيق iPump
2025-10-23 00:38:33 - iPump - INFO - تم تشغيل تطبيق iPump
2025-10-23 00:39:54 - iPump - INFO - تم تشغيل تطبيق iPump
2025-10-23 00:40:26 - iPump - INFO - تم تشغيل تطبيق iPump
2025-10-23 00:42:35 - iPump - INFO - تم تشغيل تطبيق iPump
2025-10-23 00:42:58 - iPump - INFO - تم تشغيل تطبيق iPump
2025-10-23 02:11:01 - iPump - INFO - تم تشغيل تطبيق iPump
2025-10-23 02:22:58 - iPump - INFO - تم إغلاق تطبيق iPump
2025-10-23 02:23:06 - iPump - INFO - تم تشغيل تطبيق iPump
2025-10-23 02:23:43 - iPump - INFO - تم تشغيل تطبيق iPump
2025-10-23 02:38:55 - iPump - INFO - تم تشغيل تطبيق iPump
2025-10-23 02:41:02 - iPump - INFO - تم إغلاق تطبيق iPump
2025-10-23 02:41:14 - iPump - INFO - تم تشغيل تطبيق iPump
2025-10-23 02:41:39 - iPump - INFO - تم إغلاق تطبيق iPump
2025-10-23 02:49:02 - iPump - INFO - تم تشغيل تطبيق iPump
2025-10-23 02:50:07 - iPump - INFO - تم إغلاق تطبيق iPump
2025-10-23 02:50:13 - iPump - INFO - تم تشغيل تطبيق iPump
2025-10-23 02:52:08 - iPump - INFO - تم إغلاق تطبيق iPump
2025-10-23 03:00:15 - iPump - INFO - تم تشغيل تطبيق iPump
2025-10-23 03:00:36 - iPump - INFO - تم إغلاق تطبيق iPump
2025-10-23 03:05:41 - iPump - INFO - تم تشغيل تطبيق iPump
2025-10-23 03:06:25 - iPump - INFO - تم إغلاق تطبيق iPump
2025-10-23 03:09:53 - iPump - INFO - تم تشغيل تطبيق iPump
2025-10-23 03:10:35 - iPump - INFO - تم إغلاق تطبيق iPump
2025-10-23 03:16:33 - iPump - INFO - تم تشغيل تطبيق iPump
2025-10-23 03:17:40 - iPump - INFO - تم إغلاق تطبيق iPump
2025-10-23 03:25:59 - iPump - INFO - تم تشغيل تطبيق iPump
2025-10-23 03:27:11 - iPump - INFO - تم إغلاق تطبيق iPump
2025-10-23 03:32:55 - iPump - INFO - تم تشغيل تطبيق iPump
2025-10-23 03:33:22 - iPump - INFO - تم إغلاق تطبيق iPump
2025-10-23 03:41:46 - iPump - INFO - تم تشغيل تطبيق iPump
2025-10-23 03:45:14 - iPump - INFO - تم تشغيل تطبيق iPump
2025-10-23 03:45:45 - iPump - INFO - تم إغلاق تطبيق iPump
2025-10-23 03:46:02 - iPump - INFO - تم تشغيل تطبيق iPump
2025-10-23 03:47:19 - iPump - INFO - تم إغلاق تطبيق iPump
2025-10-23 15:41:29 - iPump - INFO - تم تشغيل تطبيق iPump
2025-10-23 15:41:58 - iPump - INFO - تم إغلاق تطبيق iPump
2025-10-23 15:48:43 - iPump - INFO - تم تشغيل تطبيق iPump
2025-10-23 15:53:15 - iPump - INFO - تم إغلاق تطبيق iPump
2025-10-23 17:05:31 - iPump - INFO - تم تشغيل تطبيق iPump
2025-10-23 17:05:53 - iPump - ERROR - خطأ ببدء التحديث الخلفي: wrapped C/C++ object of type QThread has been deleted
2025-10-23 17:05:58 - iPump - ERROR - خطأ ببدء التحديث الخلفي: wrapped C/C++ object of type QThread has been deleted
2025-10-23 17:06:03 - iPump - ERROR - خطأ ببدء التحديث الخلفي: wrapped C/C++ object of type QThread has been deleted
2025-10-23 17:06:08 - iPump - ERROR - خطأ ببدء التحديث الخلفي: wrapped C/C++ object of type QThread has been deleted
2025-10-23 17:06:13 - iPump - ERROR - خطأ ببدء التحديث الخلفي: wrapped C/C++ object of type QThread has been deleted
2025-10-23 17:06:18 - iPump - ERROR - خطأ ببدء التحديث الخلفي: wrapped C/C++ object of type QThread has been deleted
2025-10-23 17:06:23 - iPump - ERROR - خطأ ببدء التحديث الخلفي: wrapped C/C++ object of type QThread has been deleted
2025-10-23 17:06:28 - iPump - ERROR - خطأ ببدء التحديث الخلفي: wrapped C/C++ object of type QThread has been deleted
2025-10-23 17:06:33 - iPump - ERROR - خطأ ببدء التحديث الخلفي: wrapped C/C++ object of type QThread has been deleted
2025-10-23 17:06:38 - iPump - ERROR - خطأ ببدء التحديث الخلفي: wrapped C/C++ object of type QThread has been deleted
2025-10-23 17:06:43 - iPump - ERROR - خطأ ببدء التحديث الخلفي: wrapped C/C++ object of type QThread has been deleted
2025-10-23 17:06:50 - iPump - ERROR - خطأ ببدء التحديث الخلفي: wrapped C/C++ object of type QThread has been deleted
2025-10-23 17:06:53 - iPump - ERROR - خطأ ببدء التحديث الخلفي: wrapped C/C++ object of type QThread has been deleted
2025-10-23 17:06:58 - iPump - ERROR - خطأ ببدء التحديث الخلفي: wrapped C/C++ object of type QThread has been deleted
2025-10-23 17:07:03 - iPump - ERROR - خطأ ببدء التحديث الخلفي: wrapped C/C++ object of type QThread has been deleted
2025-10-23 17:07:08 - iPump - ERROR - خطأ ببدء التحديث الخلفي: wrapped C/C++ object of type QThread has been deleted
2025-10-23 17:07:13 - iPump - ERROR - خطأ ببدء التحديث الخلفي: wrapped C/C++ object of type QThread has been deleted
2025-10-23 17:07:18 - iPump - ERROR - خطأ ببدء التحديث الخلفي: wrapped C/C++ object of type QThread has been deleted
2025-10-23 17:07:23 - iPump - ERROR - خطأ ببدء التحديث الخلفي: wrapped C/C++ object of type QThread has been deleted
2025-10-23 17:07:28 - iPump - ERROR - خطأ ببدء التحديث الخلفي: wrapped C/C++ object of type QThread has been deleted
2025-10-23 17:07:33 - iPump - ERROR - خطأ ببدء التحديث الخلفي: wrapped C/C++ object of type QThread has been deleted
2025-10-23 17:07:38 - iPump - ERROR - خطأ ببدء التحديث الخلفي: wrapped C/C++ object of type QThread has been deleted
2025-10-23 17:07:43 - iPump - ERROR - خطأ ببدء التحديث الخلفي: wrapped C/C++ object of type QThread has been deleted
2025-10-23 17:07:48 - iPump - ERROR - خطأ ببدء التحديث الخلفي: wrapped C/C++ object of type QThread has been deleted
2025-10-23 17:07:53 - iPump - ERROR - خطأ ببدء التحديث الخلفي: wrapped C/C++ object of type QThread has been deleted
2025-10-23 17:07:58 - iPump - ERROR - خطأ ببدء التحديث الخلفي: wrapped C/C++ object of type QThread has been deleted
2025-10-23 17:08:03 - iPump - ERROR - خطأ ببدء التحديث الخلفي: wrapped C/C++ object of type QThread has been deleted
2025-10-23 17:08:08 - iPump - ERROR - خطأ ببدء التحديث الخلفي: wrapped C/C++ object of type QThread has been deleted
2025-10-23 17:08:13 - iPump - ERROR - خطأ ببدء التحديث الخلفي: wrapped C/C++ object of type QThread has been deleted
2025-10-23 17:08:17 - iPump - INFO - تم إغلاق تطبيق iPump
2025-10-23 17:20:27 - iPump - INFO - تم تشغيل تطبيق iPump
2025-10-23 17:20:49 - iPump - ERROR - خطأ ببدء التحديث الخلفي: wrapped C/C++ object of type QThread has been deleted
2025-10-23 17:20:54 - iPump - ERROR - خطأ ببدء التحديث الخلفي: wrapped C/C++ object of type QThread has been deleted
2025-10-23 17:20:59 - iPump - ERROR - خطأ ببدء التحديث الخلفي: wrapped C/C++ object of type QThread has been deleted
2025-10-23 17:21:04 - iPump - ERROR - خطأ ببدء التحديث الخلفي: wrapped C/C++ object of type QThread has been deleted
2025-10-23 17:21:09 - iPump - ERROR - خطأ ببدء التحديث الخلفي: wrapped C/C++ object of type QThread has been deleted
2025-10-23 17:21:14 - iPump - ERROR - خطأ ببدء التحديث الخلفي: wrapped C/C++ object of type QThread has been deleted
2025-10-23 17:21:18 - iPump - INFO - تم إغلاق تطبيق iPump
2025-10-23 17:21:23 - iPump - INFO - تم تشغيل تطبيق iPump
2025-10-23 17:21:42 - iPump - ERROR - خطأ ببدء التحديث الخلفي: wrapped C/C++ object of type QThread has been deleted
2025-10-23 17:21:47 - iPump - ERROR - خطأ ببدء التحديث الخلفي: wrapped C/C++ object of type QThread has been deleted
2025-10-23 17:21:52 - iPump - ERROR - خطأ ببدء التحديث الخلفي: wrapped C/C++ object of type QThread has been deleted
2025-10-23 17:21:57 - iPump - ERROR - خطأ ببدء التحديث الخلفي: wrapped C/C++ object of type QThread has been deleted
2025-10-23 17:22:02 - iPump - ERROR - خطأ ببدء التحديث الخلفي: wrapped C/C++ object of type QThread has been deleted
2025-10-23 17:22:07 - iPump - ERROR - خطأ ببدء التحديث الخلفي: wrapped C/C++ object of type QThread has been deleted
2025-10-23 17:22:12 - iPump - ERROR - خطأ ببدء التحديث الخلفي: wrapped C/C++ object of type QThread has been deleted
2025-10-23 17:22:17 - iPump - ERROR - خطأ ببدء التحديث الخلفي: wrapped C/C++ object of type QThread has been deleted
2025-10-23 17:22:22 - iPump - ERROR - خطأ ببدء التحديث الخلفي: wrapped C/C++ object of type QThread has been deleted
2025-10-23 17:22:27 - iPump - ERROR - خطأ ببدء التحديث الخلفي: wrapped C/C++ object of type QThread has been deleted
2025-10-23 17:22:32 - iPump - ERROR - خطأ ببدء التحديث الخلفي: wrapped C/C++ object of type QThread has been deleted
2025-10-23 17:22:37 - iPump - ERROR - خطأ ببدء التحديث الخلفي: wrapped C/C++ object of type QThread has been deleted
2025-10-23 17:22:42 - iPump - ERROR - خطأ ببدء التحديث الخلفي: wrapped C/C++ object of type QThread has been deleted
2025-10-23 17:22:47 - iPump - ERROR - خطأ ببدء التحديث الخلفي: wrapped C/C++ object of type QThread has been deleted
2025-10-23 17:22:52 - iPump - ERROR - خطأ ببدء التحديث الخلفي: wrapped C/C++ object of type QThread has been deleted
2025-10-23 17:22:57 - iPump - ERROR - خطأ ببدء التحديث الخلفي: wrapped C/C++ object of type QThread has been deleted
2025-10-23 17:23:02 - iPump - ERROR - خطأ ببدء التحديث الخلفي: wrapped C/C++ object of type QThread has been deleted
2025-10-23 17:23:07 - iPump - ERROR - خطأ ببدء التحديث الخلفي: wrapped C/C++ object of type QThread has been deleted
2025-10-23 17:23:12 - iPump - ERROR - خطأ ببدء التحديث الخلفي: wrapped C/C++ object of type QThread has been deleted
2025-10-23 17:23:17 - iPump - ERROR - خطأ ببدء التحديث الخلفي: wrapped C/C++ object of type QThread has been deleted
2025-10-23 17:23:22 - iPump - ERROR - خطأ ببدء التحديث الخلفي: wrapped C/C++ object of type QThread has been deleted
2025-10-23 17:23:27 - iPump - ERROR - خطأ ببدء التحديث الخلفي: wrapped C/C++ object of type QThread has been deleted
2025-10-23 17:23:32 - iPump - ERROR - خطأ ببدء التحديث الخلفي: wrapped C/C++ object of type QThread has been deleted
2025-10-23 17:23:37 - iPump - ERROR - خطأ ببدء التحديث الخلفي: wrapped C/C++ object of type QThread has been deleted
2025-10-23 17:23:42 - iPump - ERROR - خطأ ببدء التحديث الخلفي: wrapped C/C++ object of type QThread has been deleted
2025-10-23 17:23:47 - iPump - ERROR - خطأ ببدء التحديث الخلفي: wrapped C/C++ object of type QThread has been deleted
2025-10-23 17:23:52 - iPump - ERROR - خطأ ببدء التحديث الخلفي: wrapped C/C++ object of type QThread has been deleted
2025-10-23 17:23:57 - iPump - ERROR - خطأ ببدء التحديث الخلفي: wrapped C/C++ object of type QThread has been deleted
2025-10-23 17:24:02 - iPump - ERROR - خطأ ببدء التحديث الخلفي: wrapped C/C++ object of type QThread has been deleted
2025-10-23 17:24:07 - iPump - ERROR - خطأ ببدء التحديث الخلفي: wrapped C/C++ object of type QThread has been deleted
2025-10-23 17:24:12 - iPump - ERROR - خطأ ببدء التحديث الخلفي: wrapped C/C++ object of type QThread has been deleted
2025-10-23 17:24:17 - iPump - ERROR - خطأ ببدء التحديث الخلفي: wrapped C/C++ object of type QThread has been deleted
2025-10-23 17:24:22 - iPump - ERROR - خطأ ببدء التحديث الخلفي: wrapped C/C++ object of type QThread has been deleted
2025-10-23 17:24:27 - iPump - ERROR - خطأ ببدء التحديث الخلفي: wrapped C/C++ object of type QThread has been deleted
2025-10-23 17:24:32 - iPump - ERROR - خطأ ببدء التحديث الخلفي: wrapped C/C++ object of type QThread has been deleted
2025-10-23 17:24:37 - iPump - ERROR - خطأ ببدء التحديث الخلفي: wrapped C/C++ object of type QThread has been deleted
2025-10-23 17:24:42 - iPump - ERROR - خطأ ببدء التحديث الخلفي: wrapped C/C++ object of type QThread has been deleted
2025-10-23 17:24:47 - iPump - ERROR - خطأ ببدء التحديث الخلفي: wrapped C/C++ object of type QThread has been deleted
2025-10-23 17:24:52 - iPump - ERROR - خطأ ببدء التحديث الخلفي: wrapped C/C++ object of type QThread has been deleted
2025-10-23 17:24:57 - iPump - ERROR - خطأ ببدء التحديث الخلفي: wrapped C/C++ object of type QThread has been deleted
2025-10-23 17:25:02 - iPump - ERROR - خطأ ببدء التحديث الخلفي: wrapped C/C++ object of type QThread has been deleted
2025-10-23 17:25:07 - iPump - ERROR - خطأ ببدء التحديث الخلفي: wrapped C/C++ object of type QThread has been deleted
2025-10-23 17:25:12 - iPump - ERROR - خطأ ببدء التحديث الخلفي: wrapped C/C++ object of type QThread has been deleted
2025-10-23 17:25:17 - iPump - ERROR - خطأ ببدء التحديث الخلفي: wrapped C/C++ object of type QThread has been deleted
2025-10-23 17:25:22 - iPump - ERROR - خطأ ببدء التحديث الخلفي: wrapped C/C++ object of type QThread has been deleted
2025-10-23 17:25:27 - iPump - ERROR - خطأ ببدء التحديث الخلفي: wrapped C/C++ object of type QThread has been deleted
2025-10-23 17:25:32 - iPump - ERROR - خطأ ببدء التحديث الخلفي: wrapped C/C++ object of type QThread has been deleted
2025-10-23 17:25:37 - iPump - ERROR - خطأ ببدء التحديث الخلفي: wrapped C/C++ object of type QThread has been deleted
2025-10-23 17:25:42 - iPump - ERROR - خطأ ببدء التحديث الخلفي: wrapped C/C++ object of type QThread has been deleted
2025-10-23 17:25:47 - iPump - ERROR - خطأ ببدء التحديث الخلفي: wrapped C/C++ object of type QThread has been deleted
2025-10-23 17:25:52 - iPump - ERROR - خطأ ببدء التحديث الخلفي: wrapped C/C++ object of type QThread has been deleted
2025-10-23 17:25:57 - iPump - ERROR - خطأ ببدء التحديث الخلفي: wrapped C/C++ object of type QThread has been deleted
2025-10-23 17:26:02 - iPump - ERROR - خطأ ببدء التحديث الخلفي: wrapped C/C++ object of type QThread has been deleted
2025-10-23 17:26:07 - iPump - ERROR - خطأ ببدء التحديث الخلفي: wrapped C/C++ object of type QThread has been deleted
2025-10-23 17:26:12 - iPump - ERROR - خطأ ببدء التحديث الخلفي: wrapped C/C++ object of type QThread has been deleted
2025-10-23 17:26:17 - iPump - ERROR - خطأ ببدء التحديث الخلفي: wrapped C/C++ object of type QThread has been deleted
2025-10-23 17:26:22 - iPump - ERROR - خطأ ببدء التحديث الخلفي: wrapped C/C++ object of type QThread has been deleted
2025-10-23 17:26:27 - iPump - ERROR - خطأ ببدء التحديث الخلفي: wrapped C/C++ object of type QThread has been deleted
2025-10-23 17:26:30 - iPump - INFO - تم إغلاق تطبيق iPump
2025-10-23 17:26:35 - iPump - INFO - تم تشغيل تطبيق iPump
2025-10-23 17:26:55 - iPump - ERROR - خطأ ببدء التحديث الخلفي: wrapped C/C++ object of type QThread has been deleted
2025-10-23 17:27:00 - iPump - ERROR - خطأ ببدء التحديث الخلفي: wrapped C/C++ object of type QThread has been deleted
2025-10-23 17:27:05 - iPump - ERROR - خطأ ببدء التحديث الخلفي: wrapped C/C++ object of type QThread has been deleted
2025-10-23 17:27:10 - iPump - ERROR - خطأ ببدء التحديث الخلفي: wrapped C/C++ object of type QThread has been deleted
2025-10-23 17:27:15 - iPump - ERROR - خطأ ببدء التحديث الخلفي: wrapped C/C++ object of type QThread has been deleted
2025-10-23 17:27:20 - iPump - ERROR - خطأ ببدء التحديث الخلفي: wrapped C/C++ object of type QThread has been deleted
2025-10-23 17:27:25 - iPump - ERROR - خطأ ببدء التحديث الخلفي: wrapped C/C++ object of type QThread has been deleted
2025-10-23 17:27:30 - iPump - ERROR - خطأ ببدء التحديث الخلفي: wrapped C/C++ object of type QThread has been deleted
2025-10-23 17:27:30 - iPump - ERROR - خطأ ببدء التحديث الخلفي: wrapped C/C++ object of type QThread has been deleted
2025-10-23 17:27:35 - iPump - ERROR - خطأ ببدء التحديث الخلفي: wrapped C/C++ object of type QThread has been deleted
2025-10-23 17:27:40 - iPump - ERROR - خطأ ببدء التحديث الخلفي: wrapped C/C++ object of type QThread has been deleted
2025-10-23 17:27:45 - iPump - ERROR - خطأ ببدء التحديث الخلفي: wrapped C/C++ object of type QThread has been deleted
2025-10-23 17:27:50 - iPump - ERROR - خطأ ببدء التحديث الخلفي: wrapped C/C++ object of type QThread has been deleted
2025-10-23 17:27:55 - iPump - ERROR - خطأ ببدء التحديث الخلفي: wrapped C/C++ object of type QThread has been deleted
2025-10-23 17:28:00 - iPump - ERROR - خطأ ببدء التحديث الخلفي: wrapped C/C++ object of type QThread has been deleted
2025-10-23 17:28:05 - iPump - ERROR - خطأ ببدء التحديث الخلفي: wrapped C/C++ object of type QThread has been deleted
2025-10-23 17:28:10 - iPump - ERROR - خطأ ببدء التحديث الخلفي: wrapped C/C++ object of type QThread has been deleted
2025-10-23 17:28:10 - iPump - INFO - تم إغلاق تطبيق iPump
2025-10-23 17:35:21 - iPump - INFO - تم تشغيل تطبيق iPump
2025-10-23 17:35:42 - iPump - ERROR - خطأ ببدء التحديث الخلفي: wrapped C/C++ object of type QThread has been deleted
2025-10-23 17:35:47 - iPump - ERROR - خطأ ببدء التحديث الخلفي: wrapped C/C++ object of type QThread has been deleted
2025-10-23 17:35:52 - iPump - ERROR - خطأ ببدء التحديث الخلفي: wrapped C/C++ object of type QThread has been deleted
2025-10-23 17:35:57 - iPump - ERROR - خطأ ببدء التحديث الخلفي: wrapped C/C++ object of type QThread has been deleted
2025-10-23 17:36:02 - iPump - ERROR - خطأ ببدء التحديث الخلفي: wrapped C/C++ object of type QThread has been deleted
2025-10-23 17:36:07 - iPump - ERROR - خطأ ببدء التحديث الخلفي: wrapped C/C++ object of type QThread has been deleted
2025-10-23 17:36:12 - iPump - ERROR - خطأ ببدء التحديث الخلفي: wrapped C/C++ object of type QThread has been deleted
2025-10-23 17:36:17 - iPump - ERROR - خطأ ببدء التحديث الخلفي: wrapped C/C++ object of type QThread has been deleted
2025-10-23 17:36:22 - iPump - ERROR - خطأ ببدء التحديث الخلفي: wrapped C/C++ object of type QThread has been deleted
2025-10-23 17:36:27 - iPump - ERROR - خطأ ببدء التحديث الخلفي: wrapped C/C++ object of type QThread has been deleted
2025-10-23 17:36:32 - iPump - ERROR - خطأ ببدء التحديث الخلفي: wrapped C/C++ object of type QThread has been deleted
2025-10-23 17:36:37 - iPump - ERROR - خطأ ببدء التحديث الخلفي: wrapped C/C++ object of type QThread has been deleted
2025-10-23 17:36:42 - iPump - ERROR - خطأ ببدء التحديث الخلفي: wrapped C/C++ object of type QThread has been deleted
2025-10-23 17:36:47 - iPump - ERROR - خطأ ببدء التحديث الخلفي: wrapped C/C++ object of type QThread has been deleted
2025-10-23 17:36:52 - iPump - ERROR - خطأ ببدء التحديث الخلفي: wrapped C/C++ object of type QThread has been deleted
2025-10-23 17:36:57 - iPump - ERROR - خطأ ببدء التحديث الخلفي: wrapped C/C++ object of type QThread has been deleted
2025-10-23 17:37:02 - iPump - ERROR - خطأ ببدء التحديث الخلفي: wrapped C/C++ object of type QThread has been deleted
2025-10-23 17:37:07 - iPump - ERROR - خطأ ببدء التحديث الخلفي: wrapped C/C++ object of type QThread has been deleted
2025-10-23 17:37:12 - iPump - ERROR - خطأ ببدء التحديث الخلفي: wrapped C/C++ object of type QThread has been deleted
2025-10-23 17:37:17 - iPump - ERROR - خطأ ببدء التحديث الخلفي: wrapped C/C++ object of type QThread has been deleted
2025-10-23 17:37:22 - iPump - ERROR - خطأ ببدء التحديث الخلفي: wrapped C/C++ object of type QThread has been deleted
2025-10-23 17:37:27 - iPump - ERROR - خطأ ببدء التحديث الخلفي: wrapped C/C++ object of type QThread has been deleted
2025-10-23 17:37:32 - iPump - ERROR - خطأ ببدء التحديث الخلفي: wrapped C/C++ object of type QThread has been deleted
2025-10-23 17:37:37 - iPump - ERROR - خطأ ببدء التحديث الخلفي: wrapped C/C++ object of type QThread has been deleted
2025-10-23 18:32:36 - iPump - INFO - تم تشغيل تطبيق iPump
2025-10-23 18:32:56 - iPump - ERROR - Error starting background update: wrapped C/C++ object of type QThread has been deleted
2025-10-23 18:33:01 - iPump - ERROR - Error starting background update: wrapped C/C++ object of type QThread has been deleted
2025-10-23 18:33:06 - iPump - ERROR - Error starting background update: wrapped C/C++ object of type QThread has been deleted
2025-10-23 18:33:07 - iPump - ERROR - Error starting background update: wrapped C/C++ object of type QThread has been deleted
2025-10-23 18:33:11 - iPump - ERROR - Error starting background update: wrapped C/C++ object of type QThread has been deleted
2025-10-23 18:33:16 - iPump - ERROR - Error starting background update: wrapped C/C++ object of type QThread has been deleted
2025-10-23 18:33:21 - iPump - ERROR - Error starting background update: wrapped C/C++ object of type QThread has been deleted
2025-10-23 18:33:26 - iPump - ERROR - Error starting background update: wrapped C/C++ object of type QThread has been deleted
2025-10-23 18:33:27 - iPump - INFO - iPump application closed
